Arguments: 
  C:\Program Files\nodejs\node.exe C:\Program Files (x86)\Yarn\bin\yarn.js add axios

PATH: 
  C:\ProgramData\DockerDesktop\version-bin;C:\Program Files\Docker\Docker\Resources\bin;C:\Program Files\NVIDIA GPU Computing Toolkit\CUDA\v4.2\\bin;C:\Program Files\NVIDIA GPU Computing Toolkit\CUDA\v4.2\libnvvp\;C:\Windows\system32;C:\Windows;C:\Windows\System32\Wbem;C:\Windows\System32\WindowsPowerShell\v1.0\;C:\Program Files (x86)\NVIDIA Corporation\PhysX\Common;C:\Program Files\Common Files\Autodesk Shared\;C:\ProgramData\NVIDIA Corporation\NVIDIA GPU Computing SDK 4.2\C\common\bin;C:\WINDOWS\system32;C:\WINDOWS;C:\WINDOWS\System32\Wbem;C:\WINDOWS\System32\WindowsPowerShell\v1.0\;C:\Program Files\Microsoft VS Code\bin;C:\Program Files\Git\cmd;C:\ProgramData\chocolatey\bin;C:\Android\android-sdk\tools;C:\Android\android-sdk\platform-tools;C:\Android\android-sdk\tools\bin;C:\WINDOWS\System32\OpenSSH\;C:\Program Files (x86)\Yarn\bin\;C:\Program Files\nodejs\;C:\Program Files\NVIDIA Corporation\NVIDIA NvDLISR;C:\Users\tiago\AppData\Local\Microsoft\WindowsApps;C:\Users\tiago\AppData\Local\Yarn\bin;C:\Users\tiago\AppData\Roaming\npm

Yarn version: 
  1.19.1

Node version: 
  12.14.0

Platform: 
  win32 x64

Trace: 
  Error: EPERM: operation not permitted, unlink 'C:\Users\tiago\Downloads\material-kit-react-master\node_modules\node-sass\vendor\win32-x64-72\binding.node'

npm manifest: 
  {
    "name": "material-kit-react",
    "version": "1.8.0",
    "description": "Material Kit React. Coded by Creative Tim",
    "private": true,
    "main": "dist/index.js",
    "dependencies": {
      "@material-ui/core": "4.3.2",
      "@material-ui/icons": "4.2.1",
      "classnames": "2.2.6",
      "history": "4.9.0",
      "moment": "2.24.0",
      "node-sass": "4.12.0",
      "nouislider": "14.0.2",
      "prop-types": "15.7.2",
      "react": "16.9.0",
      "react-datetime": "2.16.3",
      "react-dom": "16.9.0",
      "react-router-dom": "5.0.1",
      "react-scripts": "3.1.0",
      "react-slick": "0.25.2",
      "react-swipeable-views": "0.13.3"
    },
    "devDependencies": {
      "@babel/cli": "7.5.5",
      "@babel/plugin-proposal-class-properties": "7.5.5",
      "@babel/preset-env": "7.5.5",
      "@babel/preset-react": "7.0.0",
      "eslint-config-prettier": "6.0.0",
      "eslint-plugin-prettier": "3.1.0",
      "eslint-plugin-react": "7.14.3",
      "gulp": "4.0.2",
      "gulp-append-prepend": "1.0.8",
      "prettier": "1.18.2"
    },
    "optionalDependencies": {
      "typescript": "3.5.3"
    },
    "scripts": {
      "start": "react-scripts start",
      "build": "react-scripts build && gulp licenses",
      "test": "react-scripts test --env=jsdom",
      "eject": "react-scripts eject",
      "lint:check": "eslint . --ext=js,jsx;  exit 0",
      "lint:fix": "eslint . --ext=js,jsx --fix;  exit 0",
      "install:clean": "rm -rf node_modules/ && rm -rf package-lock.json && npm install && npm start",
      "build-package-css": "node-sass src/assets/scss/material-kit-react.scss dist/material-kit-react.css",
      "build-package": "npm run build-package-css && babel src --out-dir dist",
      "compile-sass": "node-sass src/assets/scss/material-kit-react.scss src/assets/css/material-kit-react.css",
      "minify-sass": "node-sass src/assets/scss/material-kit-react.scss src/assets/css/material-kit-react.min.css --output-style compressed",
      "map-sass": "node-sass src/assets/scss/material-kit-react.scss src/assets/css/material-kit-react.css --source-map true"
    },
    "browserslist": {
      "production": [
        ">0.2%",
        "not dead",
        "not op_mini all"
      ],
      "development": []
    },
    "license": "MIT"
  }

yarn manifest: 
  No manifest

Lockfile: 
  No lockfile
